[ 2015-10-17T22:51:24+08:00 ] 127.0.0.1 /myproject05/index.php/css/bootstrap.min.css
INFO: [ app_init ] --START--
INFO: Run Behavior\BuildLiteBehavior [ RunTime:0.000000s ]
INFO: [ app_init ] --END-- [ RunTime:0.000977s ]
ERR: 无法加载模块:Css

[ 2015-10-17T22:51:24+08:00 ] 127.0.0.1 /myproject05/index.php/css/animate.min.css
INFO: [ app_init ] --START--
INFO: Run Behavior\BuildLiteBehavior [ RunTime:0.000000s ]
INFO: [ app_init ] --END-- [ RunTime:0.000976s ]
ERR: 无法加载模块:Css

[ 2015-10-17T22:51:24+08:00 ] 127.0.0.1 /myproject05/index.php/css/responsive.css
INFO: [ app_init ] --START--
INFO: Run Behavior\BuildLiteBehavior [ RunTime:0.000000s ]
INFO: [ app_init ] --END-- [ RunTime:0.000976s ]
ERR: 无法加载模块:Css

[ 2015-10-17T22:51:24+08:00 ] 127.0.0.1 /myproject05/index.php/css/main.css
INFO: [ app_init ] --START--
INFO: Run Behavior\BuildLiteBehavior [ RunTime:0.000000s ]
INFO: [ app_init ] --END-- [ RunTime:0.000976s ]
ERR: 无法加载模块:Css

[ 2015-10-17T22:51:24+08:00 ] 127.0.0.1 /myproject05/index.php/js/jquery.js
INFO: [ app_init ] --START--
INFO: Run Behavior\BuildLiteBehavior [ RunTime:0.000976s ]
INFO: [ app_init ] --END-- [ RunTime:0.000976s ]
ERR: 无法加载模块:Js

[ 2015-10-17T22:51:24+08:00 ] 127.0.0.1 /myproject05/index.php/js/jquery.prettyPhoto.js
INFO: [ app_init ] --START--
INFO: Run Behavior\BuildLiteBehavior [ RunTime:0.000000s ]
INFO: [ app_init ] --END-- [ RunTime:0.000977s ]
ERR: 无法加载模块:Js

[ 2015-10-17T22:51:24+08:00 ] 127.0.0.1 /myproject05/index.php/js/bootstrap.min.js
INFO: [ app_init ] --START--
INFO: Run Behavior\BuildLiteBehavior [ RunTime:0.000000s ]
INFO: [ app_init ] --END-- [ RunTime:0.000976s ]
ERR: 无法加载模块:Js

[ 2015-10-17T22:51:24+08:00 ] 127.0.0.1 /myproject05/index.php/js/wow.min.js
INFO: [ app_init ] --START--
INFO: Run Behavior\BuildLiteBehavior [ RunTime:0.000977s ]
INFO: [ app_init ] --END-- [ RunTime:0.000977s ]
ERR: 无法加载模块:Js

[ 2015-10-17T22:51:24+08:00 ] 127.0.0.1 /myproject05/index.php/css/font-awesome.min.css
INFO: [ app_init ] --START--
INFO: Run Behavior\BuildLiteBehavior [ RunTime:0.000000s ]
INFO: [ app_init ] --END-- [ RunTime:0.008789s ]
ERR: 无法加载模块:Css

[ 2015-10-17T22:51:24+08:00 ] 127.0.0.1 /myproject05/index.php/images/ico/favicon.ico
INFO: [ app_init ] --START--
INFO: Run Behavior\BuildLiteBehavior [ RunTime:0.000000s ]
INFO: [ app_init ] --END-- [ RunTime:0.000977s ]
ERR: 无法加载模块:Images

[ 2015-10-17T22:51:24+08:00 ] 127.0.0.1 /myproject05/index.php/css/prettyPhoto.css
INFO: [ app_init ] --START--
INFO: Run Behavior\BuildLiteBehavior [ RunTime:0.018555s ]
INFO: [ app_init ] --END-- [ RunTime:0.023438s ]
ERR: 无法加载模块:Css

[ 2015-10-17T22:51:24+08:00 ] 127.0.0.1 /myproject05/index.php/images/ico/favicon.ico
INFO: [ app_init ] --START--
INFO: Run Behavior\BuildLiteBehavior [ RunTime:0.000000s ]
INFO: [ app_init ] --END-- [ RunTime:0.000000s ]
ERR: 无法加载模块:Images

[ 2015-10-17T22:51:24+08:00 ] 127.0.0.1 /myproject05/index.php/images/slider/img1.png
INFO: [ app_init ] --START--
INFO: Run Behavior\BuildLiteBehavior [ RunTime:0.000000s ]
INFO: [ app_init ] --END-- [ RunTime:0.001953s ]
ERR: 无法加载模块:Images

[ 2015-10-17T22:51:24+08:00 ] 127.0.0.1 /myproject05/index.php/images/slider/img2.png
INFO: [ app_init ] --START--
INFO: Run Behavior\BuildLiteBehavior [ RunTime:0.000000s ]
INFO: [ app_init ] --END-- [ RunTime:0.001953s ]
ERR: 无法加载模块:Images

[ 2015-10-17T22:51:24+08:00 ] 127.0.0.1 /myproject05/index.php/images/slider/img3.png
INFO: [ app_init ] --START--
INFO: Run Behavior\BuildLiteBehavior [ RunTime:0.000977s ]
INFO: [ app_init ] --END-- [ RunTime:0.000977s ]
ERR: 无法加载模块:Images

[ 2015-10-17T22:51:24+08:00 ] 127.0.0.1 /myproject05/index.php/js/jquery.isotope.min.js
INFO: [ app_init ] --START--
INFO: Run Behavior\BuildLiteBehavior [ RunTime:0.000000s ]
INFO: [ app_init ] --END-- [ RunTime:0.045899s ]
ERR: 无法加载模块:Js

[ 2015-10-17T22:51:24+08:00 ] 127.0.0.1 /myproject05/index.php/images/services/services1.png
INFO: [ app_init ] --START--
INFO: Run Behavior\BuildLiteBehavior [ RunTime:0.000000s ]
INFO: [ app_init ] --END-- [ RunTime:0.000977s ]
ERR: 无法加载模块:Images

[ 2015-10-17T22:51:24+08:00 ] 127.0.0.1 /myproject05/index.php/images/accordion1.png
INFO: [ app_init ] --START--
INFO: Run Behavior\BuildLiteBehavior [ RunTime:0.004883s ]
INFO: [ app_init ] --END-- [ RunTime:0.009766s ]
ERR: 无法加载模块:Images

[ 2015-10-17T22:51:24+08:00 ] 127.0.0.1 /myproject05/index.php/images/tab2.png
INFO: [ app_init ] --START--
INFO: Run Behavior\BuildLiteBehavior [ RunTime:0.000000s ]
INFO: [ app_init ] --END-- [ RunTime:0.000976s ]
ERR: 无法加载模块:Images

[ 2015-10-17T22:51:24+08:00 ] 127.0.0.1 /myproject05/index.php/js/main.js
INFO: [ app_init ] --START--
INFO: Run Behavior\BuildLiteBehavior [ RunTime:0.000000s ]
INFO: [ app_init ] --END-- [ RunTime:0.000000s ]
ERR: 无法加载模块:Js

[ 2015-10-17T22:51:24+08:00 ] 127.0.0.1 /myproject05/index.php/images/tab1.png
INFO: [ app_init ] --START--
INFO: Run Behavior\BuildLiteBehavior [ RunTime:0.000000s ]
INFO: [ app_init ] --END-- [ RunTime:0.002930s ]
ERR: 无法加载模块:Images

[ 2015-10-17T22:51:24+08:00 ] 127.0.0.1 /myproject05/index.php/images/testimonials1.png
INFO: [ app_init ] --START--
INFO: Run Behavior\BuildLiteBehavior [ RunTime:0.000977s ]
INFO: [ app_init ] --END-- [ RunTime:0.000977s ]
ERR: 无法加载模块:Images

[ 2015-10-17T22:51:24+08:00 ] 127.0.0.1 /myproject05/index.php/images/portfolio/recent/item2.png
INFO: [ app_init ] --START--
INFO: Run Behavior\BuildLiteBehavior [ RunTime:0.000000s ]
INFO: [ app_init ] --END-- [ RunTime:0.000000s ]
ERR: 无法加载模块:Images

[ 2015-10-17T22:51:24+08:00 ] 127.0.0.1 /myproject05/index.php/images/portfolio/recent/item3.png
INFO: [ app_init ] --START--
INFO: Run Behavior\BuildLiteBehavior [ RunTime:0.000000s ]
INFO: [ app_init ] --END-- [ RunTime:0.000976s ]
ERR: 无法加载模块:Images

[ 2015-10-17T22:51:24+08:00 ] 127.0.0.1 /myproject05/index.php/images/logo.png
INFO: [ app_init ] --START--
INFO: Run Behavior\BuildLiteBehavior [ RunTime:0.000000s ]
INFO: [ app_init ] --END-- [ RunTime:0.000977s ]
ERR: 无法加载模块:Images

[ 2015-10-17T22:51:24+08:00 ] 127.0.0.1 /myproject05/index.php/images/portfolio/recent/item5.png
INFO: [ app_init ] --START--
INFO: Run Behavior\BuildLiteBehavior [ RunTime:0.000000s ]
INFO: [ app_init ] --END-- [ RunTime:0.000976s ]
ERR: 无法加载模块:Images

[ 2015-10-17T22:51:24+08:00 ] 127.0.0.1 /myproject05/index.php/images/portfolio/recent/item6.png
INFO: [ app_init ] --START--
INFO: Run Behavior\BuildLiteBehavior [ RunTime:0.000000s ]
INFO: [ app_init ] --END-- [ RunTime:0.000977s ]
ERR: 无法加载模块:Images

[ 2015-10-17T22:51:24+08:00 ] 127.0.0.1 /myproject05/index.php/images/portfolio/recent/item7.png
INFO: [ app_init ] --START--
INFO: Run Behavior\BuildLiteBehavior [ RunTime:0.000000s ]
INFO: [ app_init ] --END-- [ RunTime:0.000976s ]
ERR: 无法加载模块:Images

[ 2015-10-17T22:51:24+08:00 ] 127.0.0.1 /myproject05/index.php/images/slider/bg1.jpg
INFO: [ app_init ] --START--
INFO: Run Behavior\BuildLiteBehavior [ RunTime:0.000000s ]
INFO: [ app_init ] --END-- [ RunTime:0.000976s ]
ERR: 无法加载模块:Images

[ 2015-10-17T22:51:24+08:00 ] 127.0.0.1 /myproject05/index.php/images/slider/bg2.png
INFO: [ app_init ] --START--
INFO: Run Behavior\BuildLiteBehavior [ RunTime:0.000000s ]
INFO: [ app_init ] --END-- [ RunTime:0.000977s ]
ERR: 无法加载模块:Images

[ 2015-10-17T22:51:24+08:00 ] 127.0.0.1 /myproject05/index.php/images/slider/bg3.jpg
INFO: [ app_init ] --START--
INFO: Run Behavior\BuildLiteBehavior [ RunTime:0.000000s ]
INFO: [ app_init ] --END-- [ RunTime:0.000976s ]
ERR: 无法加载模块:Images

[ 2015-10-17T22:51:24+08:00 ] 127.0.0.1 /myproject05/index.php/js/jquery.prettyPhoto.js
INFO: [ app_init ] --START--
INFO: Run Behavior\BuildLiteBehavior [ RunTime:0.000000s ]
INFO: [ app_init ] --END-- [ RunTime:0.089844s ]
ERR: 无法加载模块:Js

[ 2015-10-17T22:51:24+08:00 ] 127.0.0.1 /myproject05/index.php/images/services/services6.png
INFO: [ app_init ] --START--
INFO: Run Behavior\BuildLiteBehavior [ RunTime:0.000000s ]
INFO: [ app_init ] --END-- [ RunTime:0.000976s ]
ERR: 无法加载模块:Images

[ 2015-10-17T22:51:25+08:00 ] 127.0.0.1 /myproject05/index.php/images/portfolio/recent/item4.png
INFO: [ app_init ] --START--
INFO: Run Behavior\BuildLiteBehavior [ RunTime:0.000000s ]
INFO: [ app_init ] --END-- [ RunTime:0.014648s ]
ERR: 无法加载模块:Images

[ 2015-10-17T22:51:25+08:00 ] 127.0.0.1 /myproject05/index.php/images/portfolio/recent/item1.png
INFO: [ app_init ] --START--
INFO: Run Behavior\BuildLiteBehavior [ RunTime:0.000000s ]
INFO: [ app_init ] --END-- [ RunTime:0.001953s ]
ERR: 无法加载模块:Images

[ 2015-10-17T22:51:25+08:00 ] 127.0.0.1 /myproject05/index.php/js/jquery.isotope.min.js
INFO: [ app_init ] --START--
INFO: Run Behavior\BuildLiteBehavior [ RunTime:0.000000s ]
INFO: [ app_init ] --END-- [ RunTime:0.001953s ]
ERR: 无法加载模块:Js

[ 2015-10-17T22:51:25+08:00 ] 127.0.0.1 /myproject05/index.php/images/portfolio/recent/item8.png
INFO: [ app_init ] --START--
INFO: Run Behavior\BuildLiteBehavior [ RunTime:0.000000s ]
INFO: [ app_init ] --END-- [ RunTime:0.000977s ]
ERR: 无法加载模块:Images

[ 2015-10-17T22:51:25+08:00 ] 127.0.0.1 /myproject05/index.php/js/main.js
INFO: [ app_init ] --START--
INFO: Run Behavior\BuildLiteBehavior [ RunTime:0.000000s ]
INFO: [ app_init ] --END-- [ RunTime:0.000000s ]
ERR: 无法加载模块:Js

[ 2015-10-17T22:51:25+08:00 ] 127.0.0.1 /myproject05/index.php/js/wow.min.js
INFO: [ app_init ] --START--
INFO: Run Behavior\BuildLiteBehavior [ RunTime:0.000000s ]
INFO: [ app_init ] --END-- [ RunTime:0.000976s ]
ERR: 无法加载模块:Js

